#
# There is insufficient memory for the Java Runtime Environment to continue.
# Native memory allocation (malloc) failed to allocate 75216 bytes for Chunk::new
# Possible reasons:
#   The system is out of physical RAM or swap space
#   In 32 bit mode, the process size limit was hit
# Possible solutions:
#   Reduce memory load on the system
#   Increase physical memory or swap space
#   Check if swap backing store is full
#   Use 64 bit Java on a 64 bit OS
#   Decrease Java heap size (-Xmx/-Xms)
#   Decrease number of Java threads
#   Decrease Java thread stack sizes (-Xss)
#   Set larger code cache with -XX:ReservedCodeCacheSize=
# This output file may be truncated or incomplete.
#
#  Out of Memory Error (allocation.cpp:323), pid=9464, tid=9696
#
# JRE version: Java(TM) SE Runtime Environment (7.0_79-b15) (build 1.7.0_79-b15)
# Java VM: Java HotSpot(TM) 64-Bit Server VM (24.79-b02 mixed mode windows-amd64 compressed oops)
# Failed to write core dump. Minidumps are not enabled by default on client versions of Windows
#

---------------  T H R E A D  ---------------

Current thread (0x0000000007dd5000):  JavaThread "C2 CompilerThread0" daemon [_thread_in_native, id=9696, stack(0x0000000009360000,0x0000000009460000)]

Stack: [0x0000000009360000,0x0000000009460000]
[error occurred during error reporting (printing stack bounds), id 0xc0000005]


[error occurred during error reporting (printing native stack), id 0xc0000005]


Current CompileTask:
C2:   1705  180             com.android.dx.dex.code.OutputCollector::add (9 bytes)


---------------  P R O C E S S  ---------------

Java Threads: ( => current thread )
  0x00000000098bc800 JavaThread "pool-1-thread-4" [_thread_in_vm, id=7752, stack(0x0000000009f60000,0x000000000a060000)]
  0x0000000009932000 JavaThread "pool-1-thread-3" [_thread_in_Java, id=2196, stack(0x0000000009e60000,0x0000000009f60000)]
  0x00000000098c3800 JavaThread "pool-1-thread-2" [_thread_in_Java, id=7520, stack(0x0000000009d60000,0x0000000009e60000)]
  0x00000000098b8000 JavaThread "pool-2-thread-1" [_thread_blocked, id=7636, stack(0x0000000009c60000,0x0000000009d60000)]
  0x00000000097fb000 JavaThread "pool-1-thread-1" [_thread_blocked, id=7572, stack(0x0000000009b60000,0x0000000009c60000)]
  0x0000000007de9000 JavaThread "Service Thread" daemon [_thread_blocked, id=1244, stack(0x0000000009560000,0x0000000009660000)]
  0x0000000007dd6800 JavaThread "C2 CompilerThread1" daemon [_thread_in_native, id=4792, stack(0x0000000009460000,0x0000000009560000)]
=>0x0000000007dd5000 JavaThread "C2 CompilerThread0" daemon [_thread_in_native, id=9696, stack(0x0000000009360000,0x0000000009460000)]
  0x0000000007dd4000 JavaThread "Attach Listener" daemon [_thread_blocked, id=1140, stack(0x0000000009260000,0x0000000009360000)]
  0x0000000007dd0800 JavaThread "Signal Dispatcher" daemon [_thread_blocked, id=6060, stack(0x0000000009160000,0x0000000009260000)]
  0x0000000007d99800 JavaThread "Finalizer" daemon [_thread_blocked, id=7000, stack(0x0000000009060000,0x0000000009160000)]
  0x0000000007d96000 JavaThread "Reference Handler" daemon [_thread_blocked, id=5772, stack(0x0000000008f60000,0x0000000009060000)]
  0x0000000001efd800 JavaThread "main" [_thread_in_vm, id=4696, stack(0x0000000001da0000,0x0000000001ea0000)]

Other Threads:
  0x0000000007d91000 VMThread [stack: 0x0000000008e60000,0x0000000008f60000] [id=7268]
  0x0000000007df2800 WatcherThread [stack: 0x0000000009660000,0x0000000009760000] [id=7272]

VM state:not at safepoint (normal execution)

VM Mutex/Monitor currently owned by a thread: None

Heap
 PSYoungGen      total 18944K, used 11320K [0x00000000eaa80000, 0x00000000ebf80000, 0x0000000100000000)
  eden space 16384K, 53% used [0x00000000eaa80000,0x00000000eb30fb58,0x00000000eba80000)
  from space 2560K, 99% used [0x00000000eba80000,0x00000000ebcfe6a0,0x00000000ebd00000)
  to   space 2560K, 0% used [0x00000000ebd00000,0x00000000ebd00000,0x00000000ebf80000)
 ParOldGen       total 42496K, used 1883K [0x00000000c0000000, 0x00000000c2980000, 0x00000000eaa80000)
  object space 42496K, 4% used [0x00000000c0000000,0x00000000c01d6e18,0x00000000c2980000)
 PSPermGen       total 21504K, used 5664K [0x00000000bae00000, 0x00000000bc300000, 0x00000000c0000000)
  object space 21504K, 26% used [0x00000000bae00000,0x00000000bb3883d8,0x00000000bc300000)

Card table byte_map: [0x0000000005000000,0x0000000005230000] byte_map_base: 0x0000000004a29000

Polling page: 0x00000000004f0000

Code Cache  [0x0000000002000000, 0x0000000002270000, 0x0000000005000000)
 total_blobs=416 nmethods=179 adapters=189 free_code_cache=48383Kb largest_free_block=49525184

Compilation events (10 events):
Event: 1.686 Thread 0x0000000007dd5000  175             com.android.dx.util.Bits::clear (21 bytes)
Event: 1.687 Thread 0x0000000007dd5000 nmethod 175 0x00000000020af8d0 code [0x00000000020afa00, 0x00000000020afa98]
Event: 1.695 Thread 0x0000000007dd6800  176             com.android.dx.util.Bits::get (25 bytes)
Event: 1.696 Thread 0x0000000007dd6800 nmethod 176 0x00000000020af650 code [0x00000000020af780, 0x00000000020af818]
Event: 1.696 Thread 0x0000000007dd5000  177             com.android.dx.dex.code.OutputFinisher::updateInfo (44 bytes)
Event: 1.696 Thread 0x0000000007dd6800  178             com.android.dx.ssa.SsaMethod::bitSetFromLabelList (47 bytes)
Event: 1.700 Thread 0x0000000007dd5000 nmethod 177 0x00000000020a83d0 code [0x00000000020a8540, 0x00000000020a8708]
Event: 1.700 Thread 0x0000000007dd5000  179             com.android.dx.rop.code.RegisterSpec::withReg (23 bytes)
Event: 1.700 Thread 0x0000000007dd5000 nmethod 179 0x00000000020a8150 code [0x00000000020a82a0, 0x00000000020a8328]
Event: 1.700 Thread 0x0000000007dd5000  180             com.android.dx.dex.code.OutputCollector::add (9 bytes)

GC Heap History (2 events):
Event: 1.017 GC heap before
{Heap before GC invocations=1 (full 0):
 PSYoungGen      total 18944K, used 16384K [0x00000000eaa80000, 0x00000000ebf80000, 0x0000000100000000)
  eden space 16384K, 100% used [0x00000000eaa80000,0x00000000eba80000,0x00000000eba80000)
  from space 2560K, 0% used [0x00000000ebd00000,0x00000000ebd00000,0x00000000ebf80000)
  to   space 2560K, 0% used [0x00000000eba80000,0x00000000eba80000,0x00000000ebd00000)
 ParOldGen       total 42496K, used 0K [0x00000000c0000000, 0x00000000c2980000, 0x00000000eaa80000)
  object space 42496K, 0% used [0x00000000c0000000,0x00000000c0000000,0x00000000c2980000)
 PSPermGen       total 21504K, used 5580K [0x00000000bae00000, 0x00000000bc300000, 0x00000000c0000000)
  object space 21504K, 25% used [0x00000000bae00000,0x00000000bb373230,0x00000000bc300000)
Event: 1.026 GC heap after
Heap after GC invocations=1 (full 0):
 PSYoungGen      total 18944K, used 2553K [0x00000000eaa80000, 0x00000000ebf80000, 0x0000000100000000)
  eden space 16384K, 0% used [0x00000000eaa80000,0x00000000eaa80000,0x00000000eba80000)
  from space 2560K, 99% used [0x00000000eba80000,0x00000000ebcfe6a0,0x00000000ebd00000)
  to   space 2560K, 0% used [0x00000000ebd00000,0x00000000ebd00000,0x00000000ebf80000)
 ParOldGen       total 42496K, used 1883K [0x00000000c0000000, 0x00000000c2980000, 0x00000000eaa80000)
  object space 42496K, 4% used [0x00000000c0000000,0x00000000c01d6e18,0x00000000c2980000)
 PSPermGen       total 21504K, used 5580K [0x00000000bae00000, 0x00000000bc300000, 0x00000000c0000000)
  object space 21504K, 25% used [0x00000000bae00000,0x00000000bb373230,0x00000000bc300000)
}

Deoptimization events (4 events):
Event: 0.991 Thread 0x00000000098bc800 Uncommon trap: reason=null_check action=make_not_entrant pc=0x00000000020880ec method=com.android.dx.rop.code.LocalItem.equals(Ljava/lang/Object;)Z @ 1
Event: 1.136 Thread 0x00000000097fb000 Uncommon trap: reason=unreached action=reinterpret pc=0x000000000207e404 method=com.android.dx.rop.cst.Constant.compareTo(Lcom/android/dx/rop/cst/Constant;)I @ 12
Event: 1.209 Thread 0x00000000098bc800 Uncommon trap: reason=class_check action=maybe_recompile pc=0x000000000208bf64 method=com.android.dx.ssa.NormalSsaInsn.accept(Lcom/android/dx/ssa/SsaInsn$Visitor;)V @ 9
Event: 1.333 Thread 0x0000000001efd800 Uncommon trap: reason=null_check action=make_not_entrant pc=0x00000000020a5928 method=com.android.dx.rop.type.Type.putIntern(Lcom/android/dx/rop/type/Type;)Lcom/android/dx/rop/type/Type; @ 18

Internal exceptions (10 events):
Event: 0.645 Thread 0x00000000098bc800 Threw 0x00000000eb35ac00 at C:\re\jdk7u79\2331\hotspot\src\share\vm\prims\jvm.cpp:1304
Event: 0.648 Thread 0x00000000098bc800 Threw 0x00000000eb360ff8 at C:\re\jdk7u79\2331\hotspot\src\share\vm\prims\jvm.cpp:1304
Event: 0.663 Thread 0x0000000009932000 Threw 0x00000000eb221750 at C:\re\jdk7u79\2331\hotspot\src\share\vm\prims\jvm.cpp:1304
Event: 0.702 Thread 0x0000000001efd800 Threw 0x00000000eb4e1c20 at C:\re\jdk7u79\2331\hotspot\src\share\vm\prims\jvm.cpp:1304
Event: 0.707 Thread 0x0000000001efd800 Threw 0x00000000eb50ba60 at C:\re\jdk7u79\2331\hotspot\src\share\vm\prims\jvm.cpp:1304
Event: 0.746 Thread 0x00000000098bc800 Threw 0x00000000eb5c90b8 at C:\re\jdk7u79\2331\hotspot\src\share\vm\prims\jvm.cpp:1304
Event: 0.936 Thread 0x00000000097fb000 Threw 0x00000000eb6e0890 at C:\re\jdk7u79\2331\hotspot\src\share\vm\prims\jvm.cpp:1304
Event: 0.991 Thread 0x00000000098bc800 Implicit null exception at 0x0000000002087da8 to 0x00000000020880d9
Event: 1.307 Thread 0x0000000001efd800 Threw 0x00000000eaed77e8 at C:\re\jdk7u79\2331\hotspot\src\share\vm\prims\jvm.cpp:1304
Event: 1.333 Thread 0x0000000001efd800 Implicit null exception at 0x00000000020a5237 to 0x00000000020a5919

Events (10 events):
Event: 1.136 Thread 0x00000000097fb000 DEOPT PACKING pc=0x000000000207e404 sp=0x0000000009c5e440
Event: 1.136 Thread 0x00000000097fb000 DEOPT UNPACKING pc=0x00000000020375a4 sp=0x0000000009c5e3e0 mode 2
Event: 1.209 Thread 0x00000000098bc800 Uncommon trap: trap_request=0xffffffde fr.pc=0x000000000208bf64
Event: 1.209 Thread 0x00000000098bc800 DEOPT PACKING pc=0x000000000208bf64 sp=0x000000000a05ef10
Event: 1.210 Thread 0x00000000098bc800 DEOPT UNPACKING pc=0x00000000020375a4 sp=0x000000000a05ee20 mode 2
Event: 1.307 loading class 0x00000000097a21f0
Event: 1.307 loading class 0x00000000097a21f0 done
Event: 1.333 Thread 0x0000000001efd800 Uncommon trap: trap_request=0xfffffff4 fr.pc=0x00000000020a5928
Event: 1.333 Thread 0x0000000001efd800 DEOPT PACKING pc=0x00000000020a5928 sp=0x0000000001e9ea40
Event: 1.333 Thread 0x0000000001efd800 DEOPT UNPACKING pc=0x00000000020375a4 sp=0x0000000001e9e960 mode 2


Dynamic libraries:
0x00007ff7507c0000 - 0x00007ff7507f3000 	C:\Program Files\Java\jdk1.7.0_79\bin\java.exe
0x00007ff81fd10000 - 0x00007ff81febc000 	C:\WINDOWS\SYSTEM32\ntdll.dll
0x00007ff81d450000 - 0x00007ff81d58e000 	C:\WINDOWS\system32\KERNEL32.DLL
0x00007ff81cf40000 - 0x00007ff81d055000 	C:\WINDOWS\system32\KERNELBASE.dll
0x00007ff81b730000 - 0x00007ff81b7be000 	C:\WINDOWS\system32\apphelp.dll
0x00007ff8103d0000 - 0x00007ff810423000 	C:\WINDOWS\AppPatch\AppPatch64\AcGenral.DLL
0x00007ff81f830000 - 0x00007ff81f8da000 	C:\WINDOWS\system32\msvcrt.dll
0x00007ff81cca0000 - 0x00007ff81ccce000 	C:\WINDOWS\SYSTEM32\SspiCli.dll
0x00007ff81fc50000 - 0x00007ff81fca4000 	C:\WINDOWS\system32\SHLWAPI.dll
0x00007ff81fac0000 - 0x00007ff81fc37000 	C:\WINDOWS\system32\USER32.dll
0x00007ff81d590000 - 0x00007ff81d724000 	C:\WINDOWS\system32\ole32.dll
0x00007ff81d960000 - 0x00007ff81ee79000 	C:\WINDOWS\system32\SHELL32.dll
0x00007ff81c470000 - 0x00007ff81c491000 	C:\WINDOWS\SYSTEM32\USERENV.dll
0x00007ff81f8f0000 - 0x00007ff81f99a000 	C:\WINDOWS\system32\ADVAPI32.dll
0x00007ff80d620000 - 0x00007ff80d63e000 	C:\WINDOWS\SYSTEM32\MPR.dll
0x00007ff81f440000 - 0x00007ff81f581000 	C:\WINDOWS\system32\RPCRT4.dll
0x00007ff81fa60000 - 0x00007ff81fab9000 	C:\WINDOWS\SYSTEM32\sechost.dll
0x00007ff81d740000 - 0x00007ff81d951000 	C:\WINDOWS\SYSTEM32\combase.dll
0x00007ff81f6b0000 - 0x00007ff81f800000 	C:\WINDOWS\system32\GDI32.dll
0x00007ff81ce70000 - 0x00007ff81ce85000 	C:\WINDOWS\SYSTEM32\profapi.dll
0x00007ff81b100000 - 0x00007ff81b1b2000 	C:\WINDOWS\SYSTEM32\SHCORE.dll
0x00007ff81d3a0000 - 0x00007ff81d3d6000 	C:\WINDOWS\system32\IMM32.DLL
0x00007ff81f030000 - 0x00007ff81f182000 	C:\WINDOWS\system32\MSCTF.dll
0x00007ff81a6b0000 - 0x00007ff81a92a000 	C:\WINDOWS\WinSxS\amd64_microsoft.windows.common-controls_6595b64144ccf1df_6.0.9600.17810_none_6240b9c7ecbd0bda\COMCTL32.dll
0x0000000052fe0000 - 0x00000000530b2000 	C:\Program Files\Java\jdk1.7.0_79\jre\bin\msvcr100.dll
0x0000000053550000 - 0x0000000053d25000 	C:\Program Files\Java\jdk1.7.0_79\jre\bin\server\jvm.dll
0x00007ff8143e0000 - 0x00007ff8143e9000 	C:\WINDOWS\SYSTEM32\WSOCK32.dll
0x00007ff814550000 - 0x00007ff814572000 	C:\WINDOWS\SYSTEM32\WINMM.dll
0x00007ff81f8e0000 - 0x00007ff81f8e7000 	C:\WINDOWS\system32\PSAPI.DLL
0x00007ff81fcb0000 - 0x00007ff81fd0a000 	C:\WINDOWS\system32\WS2_32.dll
0x00007ff814520000 - 0x00007ff81454a000 	C:\WINDOWS\SYSTEM32\WINMMBASE.dll
0x00007ff81f800000 - 0x00007ff81f809000 	C:\WINDOWS\system32\NSI.dll
0x00007ff81d350000 - 0x00007ff81d39f000 	C:\WINDOWS\SYSTEM32\cfgmgr32.dll
0x00007ff81bc60000 - 0x00007ff81bc88000 	C:\WINDOWS\SYSTEM32\DEVOBJ.dll
0x0000000054090000 - 0x000000005409f000 	C:\Program Files\Java\jdk1.7.0_79\jre\bin\verify.dll
0x0000000054060000 - 0x0000000054088000 	C:\Program Files\Java\jdk1.7.0_79\jre\bin\java.dll
0x0000000054040000 - 0x0000000054055000 	C:\Program Files\Java\jdk1.7.0_79\jre\bin\zip.dll
0x0000000054020000 - 0x000000005403a000 	C:\Program Files\Java\jdk1.7.0_79\jre\bin\net.dll
0x00007ff81c6e0000 - 0x00007ff81c739000 	C:\WINDOWS\system32\mswsock.dll
0x0000000054000000 - 0x0000000054011000 	C:\Program Files\Java\jdk1.7.0_79\jre\bin\nio.dll

VM Arguments:
jvm_args: -Xmx1024M -Dfile.encoding=windows-1252 -Duser.country=PH -Duser.language=en -Duser.variant 
java_command: com.android.dx.command.Main --dex --num-threads=4 --output C:\test\FLTest\app\build\intermediates\pre-dexed\mock\debug\classes-d56411debe120f85e2992046e9d6532fabf74207.jar C:\test\FLTest\app\build\intermediates\exploded-aar\com.android.support\appcompat-v7\22.0.0\jars\classes.jar
Launcher Type: SUN_STANDARD

Environment Variables:
JAVA_HOME=C:\Program Files\Java\jdk1.7.0_79
PATH=C:\Program Files (x86)\Intel\iCLS Client\;C:\Program Files\Intel\iCLS Client\;C:\WINDOWS\system32;C:\WINDOWS;C:\WINDOWS\System32\Wbem;C:\WINDOWS\System32\WindowsPowerShell\v1.0\;C:\Program Files (x86)\Intel\OpenCL SDK\2.0\bin\x86;C:\Program Files (x86)\Intel\OpenCL SDK\2.0\bin\x64;C:\Program Files (x86)\ATI Technologies\ATI.ACE\Core-Static;C:\Program Files (x86)\Windows Live\Shared;C:\Program Files\Condusiv Technologies\IntelliMemory\;C:\Program Files\Java\jdk1.6.0_45\bin;C:\Program Files\Microsoft\Web Platform Installer\;C:\Program Files (x86)\Microsoft ASP.NET\ASP.NET Web Pages\v1.0\;C:\Program Files (x86)\Windows Kits\8.0\Windows Performance Toolkit\;C:\Program Files\Microsoft SQL Server\110\Tools\Binn\;C:\Users\JoM\AppData\Local\Android\android-sdk\platform-tools;C:\Users\JoM\AppData\Local\Android\android-sdk\tools;C:\phonegap-2.8.1\lib\android\bin;C:\Program Files\eclipse\plugins\org.apache.ant_1.8.3.v201301120609\bin\;C:\Program Files\Intel\WiFi\bin\;C:\Program Files\Common Files\Intel\WirelessCommon\;C:\Program Files\Intel\Intel(R) Management Engine Components\DAL;C:\Program Files\Intel\Intel(R) Management Engine Components\IPT;C:\Program Files (x86)\Intel\Intel(R) Management Engine Components\DAL;C:\Program Files (x86)\Intel\Intel(R) Management Engine Components\IPT;C:\Program Files (x86)\WinMerge;C:\Program Files\TortoiseSVN\bin;C:\Program Files (x86)\Skype\Phone\
USERNAME=JoM
OS=Windows_NT
PROCESSOR_IDENTIFIER=Intel64 Family 6 Model 58 Stepping 9, GenuineIntel



---------------  S Y S T E M  ---------------

OS: Windows 8.1 , 64 bit Build 9600 

CPU:total 4 (2 cores per cpu, 2 threads per core) family 6 model 58 stepping 9, cmov, cx8, fxsr, mmx, sse, sse2, sse3, ssse3, sse4.1, sse4.2, popcnt, avx, aes, erms, ht, tsc, tscinvbit, tscinv

Memory: 4k page, physical 4076044k(228548k free), swap 7221776k(5084k free)

vm_info: Java HotSpot(TM) 64-Bit Server VM (24.79-b02) for windows-amd64 JRE (1.7.0_79-b15), built on Apr 10 2015 12:36:16 by "java_re" with unknown MS VC++:1600

time: Wed Sep 09 14:08:39 2015
elapsed time: 1 seconds

